<?xml version="1.0" encoding="UTF-8"?>
<testng-results total="1" passed="1" failed="0" skipped="0">
  <reporter-output>
  </reporter-output>
  <suite started-at="2021-12-06T20:38:20Z" name="Command line suite" finished-at="2021-12-06T20:38:23Z" duration-ms="3220">
    <groups>
    </groups>
    <test started-at="2021-12-06T20:38:20Z" name="Command line test" finished-at="2021-12-06T20:38:23Z" duration-ms="3220">
      <class name="LogInTest">
        <test-method is-config="true" signature="selectedBrowser()[pri:0, instance:LogInTest@63355449]" started-at="2021-12-06T22:38:20Z" name="selectedBrowser" finished-at="2021-12-06T22:38:23Z" duration-ms="2950" status="PASS">
          <reporter-output>
          </reporter-output>
        </test-method> <!-- selectedBrowser -->
        <test-method signature="logIn()[pri:0, instance:LogInTest@63355449]" started-at="2021-12-06T22:38:23Z" name="logIn" finished-at="2021-12-06T22:38:23Z" duration-ms="256" status="PASS">
          <reporter-output>
          </reporter-output>
        </test-method> <!-- logIn -->
      </class> <!-- LogInTest -->
    </test> <!-- Command line test -->
  </suite> <!-- Command line suite -->
</testng-results>
