<?xml version="1.0" encoding="UTF-8"?>
<testng-results total="1" passed="1" failed="0" skipped="0">
  <reporter-output>
  </reporter-output>
  <suite started-at="2021-12-06T19:22:26Z" name="Command line suite" finished-at="2021-12-06T19:22:31Z" duration-ms="5052">
    <groups>
    </groups>
    <test started-at="2021-12-06T19:22:26Z" name="Command line test" finished-at="2021-12-06T19:22:31Z" duration-ms="5052">
      <class name="LogInTest">
        <test-method is-config="true" signature="selectedBrowser()[pri:0, instance:LogInTest@1725dc0f]" started-at="2021-12-06T21:22:26Z" name="selectedBrowser" finished-at="2021-12-06T21:22:30Z" duration-ms="4650" status="PASS">
          <reporter-output>
          </reporter-output>
        </test-method> <!-- selectedBrowser -->
        <test-method signature="logIn()[pri:0, instance:LogInTest@1725dc0f]" started-at="2021-12-06T21:22:30Z" name="logIn" finished-at="2021-12-06T21:22:31Z" duration-ms="381" status="PASS">
          <reporter-output>
          </reporter-output>
        </test-method> <!-- logIn -->
      </class> <!-- LogInTest -->
    </test> <!-- Command line test -->
  </suite> <!-- Command line suite -->
</testng-results>
